10
120
8 9 8 6 4 5 7 1 3 
8 -2 -8 6 4 5 7 1 3 
8 -10 -8 6 4 5 7 1 3 
7 9 -6 4 5 7 1 3 
8 -8 -9 -6 4 5 7 1 3 
7 -9 8 -4 5 7 1 3 
7 -10 8 -4 5 7 1 3 
7 -2 -8 -4 5 7 1 3 
7 -6 -8 -4 5 7 1 3 
7 -10 -8 -4 5 7 1 3 
10 -9 8 6 10 2 4 -5 7 1 3 
8 -6 10 2 4 -5 7 1 3 
7 -10 2 4 -5 7 1 3 
7 -6 -2 4 -5 7 1 3 
7 -9 -2 4 -5 7 1 3 
7 -10 -2 4 -5 7 1 3 
9 -9 8 10 2 -4 -5 7 1 3 
9 -6 -8 10 2 -4 -5 7 1 3 
7 -10 2 -4 -5 7 1 3 
10 -8 -6 9 10 -2 -4 -5 7 1 3 
8 -9 10 -2 -4 -5 7 1 3 
7 -10 -2 -4 -5 7 1 3 
8 -8 5 6 9 4 -7 1 3 
8 -10 -5 6 9 4 -7 1 3 
7 -5 -6 9 4 -7 1 3 
7 -8 -6 9 4 -7 1 3 
6 -5 -9 4 -7 1 3 
6 -8 -9 4 -7 1 3 
6 -6 5 -4 -7 1 3 
6 -10 5 -4 -7 1 3 
7 -6 10 -5 -4 -7 1 3 
6 -10 -5 -4 -7 1 3 
7 4 9 8 7 5 -1 3 
8 -10 -4 9 8 7 5 -1 3 
7 -4 -9 8 7 5 -1 3 
8 -2 4 6 -8 7 5 -1 3 
8 -2 -4 6 -8 7 5 -1 3 
8 -10 -4 6 -8 7 5 -1 3 
7 -2 -6 -8 7 5 -1 3 
7 -4 -6 -8 7 5 -1 3 
5 -4 -7 5 -1 3 
5 -8 -7 5 -1 3 
9 -9 8 2 6 7 4 -5 -1 3 
9 -10 8 2 6 7 4 -5 -1 3 
8 -9 -2 6 7 4 -5 -1 3 
8 -10 -2 6 7 4 -5 -1 3 
7 8 -6 7 4 -5 -1 3 
8 -2 -8 -6 7 4 -5 -1 3 
6 -6 -7 4 -5 -1 3 
6 -9 -7 4 -5 -1 3 
6 -10 -7 4 -5 -1 3 
9 -9 8 10 7 2 -4 -5 -1 3 
9 -6 -8 10 7 2 -4 -5 -1 3 
7 -10 7 2 -4 -5 -1 3 
7 -6 -7 2 -4 -5 -1 3 
7 -9 -7 2 -4 -5 -1 3 
7 -10 -7 2 -4 -5 -1 3 
10 -8 -6 9 10 7 -2 -4 -5 -1 3 
8 -9 10 7 -2 -4 -5 -1 3 
7 -10 7 -2 -4 -5 -1 3 
7 -6 -7 -2 -4 -5 -1 3 
7 -9 -7 -2 -4 -5 -1 3 
7 -10 -7 -2 -4 -5 -1 3 
8 -8 -7 5 2 6 4 1 -3 
8 -9 -7 5 2 6 4 1 -3 
8 -7 10 -5 2 6 4 1 -3 
8 8 10 -5 2 6 4 1 -3 
8 -7 -10 -5 2 6 4 1 -3 
8 -9 -10 -5 2 6 4 1 -3 
8 -5 8 9 -2 6 4 1 -3 
8 -5 -8 9 -2 6 4 1 -3 
8 -7 -8 9 -2 6 4 1 -3 
7 -5 -9 -2 6 4 1 -3 
7 -7 -9 -2 6 4 1 -3 
9 10 -5 7 9 2 -6 4 1 -3 
8 -5 -7 9 2 -6 4 1 -3 
8 -8 -7 9 2 -6 4 1 -3 
7 -5 -9 2 -6 4 1 -3 
7 -7 -9 2 -6 4 1 -3 
8 -5 8 9 -2 -6 4 1 -3 
8 -5 -8 9 -2 -6 4 1 -3 
8 -7 -8 9 -2 -6 4 1 -3 
7 -5 -9 -2 -6 4 1 -3 
7 -7 -9 -2 -6 4 1 -3 
7 -9 8 10 7 -4 1 -3 
7 -2 -8 10 7 -4 1 -3 
7 -6 -8 10 7 -4 1 -3 
6 -2 -10 7 -4 1 -3 
6 -9 -10 7 -4 1 -3 
5 -6 -7 -4 1 -3 
5 -10 -7 -4 1 -3 
6 -2 4 7 5 -1 -3 
8 -9 8 10 -4 7 5 -1 -3 
8 -2 -8 10 -4 7 5 -1 -3 
8 -6 -8 10 -4 7 5 -1 -3 
7 -2 -10 -4 7 5 -1 -3 
7 -9 -10 -4 7 5 -1 -3 
7 -4 8 9 -7 5 -1 -3 
7 -2 -8 9 -7 5 -1 -3 
7 -4 -8 9 -7 5 -1 -3 
6 -2 -9 -7 5 -1 -3 
6 -4 -9 -7 5 -1 -3 
9 -9 8 2 7 6 4 -5 -1 -3 
9 10 8 2 7 6 4 -5 -1 -3 
7 -2 7 6 4 -5 -1 -3 
6 -7 6 4 -5 -1 -3 
10 10 8 2 7 9 -6 4 -5 -1 -3 
8 -2 7 9 -6 4 -5 -1 -3 
7 -7 9 -6 4 -5 -1 -3 
7 -2 -9 -6 4 -5 -1 -3 
7 -7 -9 -6 4 -5 -1 -3 
7 8 -9 -6 4 -5 -1 -3 
7 -7 8 10 -4 -5 -1 -3 
7 -9 8 10 -4 -5 -1 -3 
7 -2 -8 10 -4 -5 -1 -3 
7 -6 -8 10 -4 -5 -1 -3 
7 -7 -8 10 -4 -5 -1 -3 
6 -2 -10 -4 -5 -1 -3 
6 -7 -10 -4 -5 -1 -3 
6 -9 -10 -4 -5 -1 -3 
